[    5753ms] [ERROR] Failed to load resource: the server responded with a status of 500 (Internal Server Error) @ http://localhost:4242/api/modal/repos:0
[    5754ms] [ERROR] Response Status Error Code 500 from /api/modal/repos @ https://unpkg.com/htmx.org@2.0.4/dist/htmx.min.js:0
[ 5784117ms] [ERROR] htmx:afterRequest @ https://unpkg.com/htmx.org@2.0.4/dist/htmx.min.js:0
[ 5784117ms] [ERROR] htmx:sendError @ https://unpkg.com/htmx.org@2.0.4/dist/htmx.min.js:0
[ 5784119ms] [ERROR] Failed to load resource: net::ERR_EMPTY_RESPONSE @ http://localhost:4242/api/cards:0
[ 5796128ms] [ERROR] htmx:afterRequest @ https://unpkg.com/htmx.org@2.0.4/dist/htmx.min.js:0
[ 5796128ms] [ERROR] htmx:sendError @ https://unpkg.com/htmx.org@2.0.4/dist/htmx.min.js:0
[ 5796129ms] [ERROR] Failed to load resource: net::ERR_EMPTY_RESPONSE @ http://localhost:4242/api/cards:0
[ 5824150ms] [ERROR] htmx:afterRequest @ https://unpkg.com/htmx.org@2.0.4/dist/htmx.min.js:0
[ 5824150ms] [ERROR] htmx:sendError @ https://unpkg.com/htmx.org@2.0.4/dist/htmx.min.js:0
[ 5824152ms] [ERROR] Failed to load resource: net::ERR_EMPTY_RESPONSE @ http://localhost:4242/api/cards:0
[ 5852177ms] [ERROR] htmx:afterRequest @ https://unpkg.com/htmx.org@2.0.4/dist/htmx.min.js:0
[ 5852177ms] [ERROR] htmx:sendError @ https://unpkg.com/htmx.org@2.0.4/dist/htmx.min.js:0
[ 5852179ms] [ERROR] Failed to load resource: net::ERR_EMPTY_RESPONSE @ http://localhost:4242/api/cards:0
[ 5884184ms] [ERROR] htmx:afterRequest @ https://unpkg.com/htmx.org@2.0.4/dist/htmx.min.js:0
[ 5884184ms] [ERROR] htmx:sendError @ https://unpkg.com/htmx.org@2.0.4/dist/htmx.min.js:0
[ 5884185ms] [ERROR] Failed to load resource: net::ERR_EMPTY_RESPONSE @ http://localhost:4242/api/cards:0
[26271734ms] [ERROR] htmx:afterRequest @ https://unpkg.com/htmx.org@2.0.4/dist/htmx.min.js:0
[26271735ms] [ERROR] htmx:sendError @ https://unpkg.com/htmx.org@2.0.4/dist/htmx.min.js:0
[26271736ms] [ERROR] Failed to load resource: net::ERR_EMPTY_RESPONSE @ http://localhost:4242/api/cards:0
[26283742ms] [ERROR] htmx:afterRequest @ https://unpkg.com/htmx.org@2.0.4/dist/htmx.min.js:0
[26283742ms] [ERROR] htmx:sendError @ https://unpkg.com/htmx.org@2.0.4/dist/htmx.min.js:0
[26283743ms] [ERROR] Failed to load resource: net::ERR_EMPTY_RESPONSE @ http://localhost:4242/api/cards:0
[40811696ms] [ERROR] htmx:afterRequest @ https://unpkg.com/htmx.org@2.0.4/dist/htmx.min.js:0
[40811696ms] [ERROR] htmx:sendError @ https://unpkg.com/htmx.org@2.0.4/dist/htmx.min.js:0
[40811698ms] [ERROR] Failed to load resource: net::ERR_EMPTY_RESPONSE @ http://localhost:4242/api/cards:0
[41797443ms] [ERROR] htmx:afterRequest @ https://unpkg.com/htmx.org@2.0.4/dist/htmx.min.js:0
[41797443ms] [ERROR] htmx:sendError @ https://unpkg.com/htmx.org@2.0.4/dist/htmx.min.js:0
[41797444ms] [ERROR] Failed to load resource: net::ERR_EMPTY_RESPONSE @ http://localhost:4242/api/cards:0
[42772353ms] [ERROR] htmx:afterRequest @ https://unpkg.com/htmx.org@2.0.4/dist/htmx.min.js:0
[42772353ms] [ERROR] htmx:sendError @ https://unpkg.com/htmx.org@2.0.4/dist/htmx.min.js:0
[42772354ms] [ERROR] Failed to load resource: net::ERR_EMPTY_RESPONSE @ http://localhost:4242/api/cards:0
[43745247ms] [ERROR] htmx:afterRequest @ https://unpkg.com/htmx.org@2.0.4/dist/htmx.min.js:0
[43745247ms] [ERROR] htmx:sendError @ https://unpkg.com/htmx.org@2.0.4/dist/htmx.min.js:0
[43745248ms] [ERROR] Failed to load resource: net::ERR_EMPTY_RESPONSE @ http://localhost:4242/api/cards:0
